<?xml version="1.0" encoding="UTF-8"?>
<!-- Generated by org.testng.reporters.JUnitXMLReporter -->
<testsuite hostname="DESKTOP-CP8B26T" name="Free CRM App Test Cases" tests="5" failures="0" timestamp="29 Jul 2019 01:32:21 GMT" time="82.733" errors="0">
  <testcase name="loginPageTitleTest" time="0.306" classname="com.crm.qa.testcases.LoginPageTest"/>
  <testcase name="loginButtonTest" time="0.456" classname="com.crm.qa.testcases.LoginPageTest"/>
  <testcase name="loginTest" time="12.304" classname="com.crm.qa.testcases.LoginPageTest"/>
  <testcase name="verifyContactLinkTest" time="4.475" classname="com.crm.qa.testcases.HomePageTest"/>
  <testcase name="createNewContact" time="1.695" classname="com.crm.qa.testcases.ContactsPageTest">
    <skipped/>
  </testcase> <!-- createNewContact -->
</testsuite> <!-- Free CRM App Test Cases -->
