<?xml version="1.0" encoding="UTF-8"?>
<!-- Generated by org.testng.reporters.JUnitXMLReporter -->
<testsuite hostname="DESKTOP-CP8B26T" name="Surefire test" tests="5" failures="0" timestamp="29 Jul 2019 04:59:59 GMT" time="75.544" errors="0">
  <testcase name="createNewContact" time="0.595" classname="com.crm.qa.testcases.ContactsPageTest">
    <skipped/>
  </testcase> <!-- createNewContact -->
  <testcase name="verifyContactLinkTest" time="2.173" classname="com.crm.qa.testcases.HomePageTest"/>
  <testcase name="loginPageTitleTest" time="0.179" classname="com.crm.qa.testcases.LoginPageTest"/>
  <testcase name="loginButtonTest" time="0.299" classname="com.crm.qa.testcases.LoginPageTest"/>
  <testcase name="loginTest" time="19.714" classname="com.crm.qa.testcases.LoginPageTest"/>
</testsuite> <!-- Surefire test -->
