<?xml version="1.0" encoding="UTF-8"?>
<testsuite xmlns:xsi="http://www.w3.org/2001/XMLSchema-instance" xsi:noNamespaceSchemaLocation="https://maven.apache.org/surefire/maven-surefire-plugin/xsd/surefire-test-report.xsd" name="TestSuite" time="76.296" tests="5" errors="0" skipped="1" failures="0">
  <properties>
[...]
</properties>
  <testcase name="createNewContact" classname="com.crm.qa.testcases.ContactsPageTest" time="0">
    <skipped message="java.lang.NullPointerException"/>
  </testcase>
  <testcase name="verifyContactLinkTest" classname="com.crm.qa.testcases.HomePageTest" time="2.175"/>
  <testcase name="loginPageTitleTest" classname="com.crm.qa.testcases.LoginPageTest" time="0.178"/>
  <testcase name="loginButtonTest" classname="com.crm.qa.testcases.LoginPageTest" time="0.298"/>
  <testcase name="loginTest" classname="com.crm.qa.testcases.LoginPageTest" time="19.714"/>
</testsuite>