<?xml version="1.0" encoding="UTF-8"?>
<testsuite xmlns:xsi="http://www.w3.org/2001/XMLSchema-instance" xsi:schemaLocation="https://maven.apache.org/surefire/maven-surefire-plugin/xsd/surefire-test-report.xsd" name="TestSuite" time="74.028" tests="5" errors="0" skipped="1" failures="1">
  <properties>
[...]
</properties>
  <testcase name="loginPageTitleTest" classname="com.crm.qa.testcases.LoginPageTest" time="0.027">
    <failure message="expected:&lt;Free CRM [#1 cloud software for any business large or small]&gt; but was:&lt;Free CRM [software for any Business]&gt;" type="junit.framework.ComparisonFailure"><![CDATA[junit.framework.ComparisonFailure: expected:<Free CRM [#1 cloud software for any business large or small]> but was:<Free CRM [software for any Business]>
	at com.crm.qa.testcases.LoginPageTest.loginPageTitleTest(LoginPageTest.java:40)
]]></failure>
    <system-out><![CDATA[Before navigating to: 'https://freecrm.com/'
Navigated to:'https://freecrm.com/'
]]></system-out>
    <system-err><![CDATA[Starting ChromeDriver 76.0.3809.68 (420c9498db8ce8fcd190a954d51297672c1515d5-refs/branch-heads/3809@{#864}) on port 27759
Only local connections are allowed.
Please protect ports used by ChromeDriver and related test frameworks to prevent access by malicious code.
[1572249176.879][WARNING]: This version of ChromeDriver has not been tested with Chrome version 77.
[1572249178.889][WARNING]: Timed out connecting to Chrome, retrying...
Oct 28, 2019 1:23:00 PM org.openqa.selenium.remote.ProtocolHandshake createSession
INFO: Detected dialect: W3C
[1572249183.105][WARNING]: Timed out connecting to Chrome, retrying...
]]></system-err>
  </testcase>
  <testcase name="loginButtonTest" classname="com.crm.qa.testcases.LoginPageTest" time="0.187"/>
  <testcase name="loginTest" classname="com.crm.qa.testcases.LoginPageTest" time="4.88"/>
  <testcase name="verifyContactLinkTest" classname="com.crm.qa.testcases.HomePageTest" time="2.49"/>
  <testcase name="createNewContact" classname="com.crm.qa.testcases.ContactsPageTest" time="0">
    <skipped message="java.lang.NullPointerException"/>
  </testcase>
</testsuite>