-------------------------------------------------------------------------------
Test set: TestSuite
-------------------------------------------------------------------------------
Tests run: 5, Failures: 1, Errors: 0, Skipped: 1, Time elapsed: 74.028 sec <<< FAILURE! - in TestSuite
loginPageTitleTest(com.crm.qa.testcases.LoginPageTest)  Time elapsed: 0.027 sec  <<< FAILURE!
junit.framework.ComparisonFailure: expected:<Free CRM [#1 cloud software for any business large or small]> but was:<Free CRM [software for any Business]>
	at com.crm.qa.testcases.LoginPageTest.loginPageTitleTest(LoginPageTest.java:40)

